<?xml version="1.0" encoding="UTF-8"?>
<!-- Generated by org.testng.reporters.JUnitReportReporter -->
<testsuite hostname="LAPTOP-4JFS8M6D" failures="0" tests="1" name="runner.TestRunner2" time="10.701" errors="0" timestamp="2025-03-08T22:06:30 IST" skipped="0">
  <testcase classname="runner.TestRunner2" name="runScenario" time="10.701"/>
  <system-out/>
</testsuite> <!-- runner.TestRunner2 -->
